START
ROUND%1
(18, 14)
1%human-1%(4, 8)%NORMAL
1%human-2%(5, 9)%NORMAL
1%human-4%(4, 9)%NORMAL
1%human-3%(4, 9)%NORMAL
ROUND%2
(18, 14), (19, 14), (17, 15)
2%human-4%(5, 9)%NORMAL
2%human-3%(5, 9)%NORMAL
2%human-1%(4, 9)%NORMAL
ROUND%3
(18, 14), (19, 14), (17, 15), (17, 14), (18, 15), (16, 15)
3%human-1%(5, 9)%NORMAL
3%human-2%(8, 7)%NORMAL
ROUND%4
(18, 14), (19, 14), (17, 15), (17, 14), (18, 15), (16, 15), (16, 16), (16, 14), (19, 15)
4%human-2%(9, 5)%NORMAL
4%human-4%(8, 7)%NORMAL
4%human-3%(8, 7)%NORMAL
ROUND%5
(18, 14), (19, 14), (17, 15), (17, 14), (18, 15), (16, 15), (16, 16), (16, 14), (19, 15), (15, 16), (15, 17), (16, 13)
5%human-1%(7, 8)%NORMAL
5%human-2%(9, 3)%NORMAL
5%human-3%(9, 5)%NORMAL
5%human-4%(9, 5)%NORMAL
ROUND%6
(18, 14), (19, 14), (17, 15), (17, 14), (18, 15), (16, 15), (16, 16), (16, 14), (19, 15), (15, 16), (15, 17), (16, 13), (17, 16), (15, 15), (15, 14), (14, 17), (16, 17)
6%human-1%(8, 7)%NORMAL
6%human-3%(9, 4)%NORMAL
6%human-2%(9, 1)%NORMAL
6%human-4%(9, 3)%NORMAL
ROUND%7
(18, 14), (19, 14), (17, 15), (17, 14), (18, 15), (16, 15), (16, 16), (16, 14), (19, 15), (15, 16), (15, 17), (16, 13), (17, 16), (15, 15), (15, 14), (14, 17), (16, 17), (18, 16), (14, 18), (14, 15), (14, 14), (13, 17), (13, 18), (14, 16), (17, 17)
7%human-2%(9, 1)%NORMAL
7%human-1%(9, 6)%NORMAL
7%human-4%(9, 3)%NORMAL
7%human-3%(9, 3)%NORMAL
ROUND%8
(18, 14), (19, 14), (17, 15), (17, 14), (18, 15), (16, 15), (16, 16), (16, 14), (19, 15), (15, 16), (15, 17), (16, 13), (17, 16), (15, 15), (15, 14), (14, 17), (16, 17), (18, 16), (14, 18), (14, 15), (14, 14), (13, 17), (13, 18), (14, 16), (17, 17), (15, 18), (19, 16), (13, 19), (13, 14), (13, 15), (16, 18)
8%human-1%(9, 5)%NORMAL
8%human-4%(9, 3)%NORMAL
8%human-2%(9, 1)%NORMAL
8%human-3%(9, 3)%NORMAL
ROUND%9
(18, 14), (19, 14), (17, 15), (17, 14), (18, 15), (16, 15), (16, 16), (16, 14), (19, 15), (15, 16), (15, 17), (16, 13), (17, 16), (15, 15), (15, 14), (14, 17), (16, 17), (18, 16), (14, 18), (14, 15), (14, 14), (13, 17), (13, 18), (14, 16), (17, 17), (15, 18), (19, 16), (13, 19), (13, 14), (13, 15), (16, 18), (13, 16), (18, 17), (14, 19), (12, 15), (12, 16), (17, 18)
9%human-2%(9, 1)%NORMAL
9%human-1%(9, 4)%NORMAL
9%human-3%(9, 3)%NORMAL
9%human-4%(9, 3)%NORMAL
ROUND%10
(18, 14), (19, 14), (17, 15), (17, 14), (18, 15), (16, 15), (16, 16), (16, 14), (19, 15), (15, 16), (15, 17), (16, 13), (17, 16), (15, 15), (15, 14), (14, 17), (16, 17), (18, 16), (14, 18), (14, 15), (14, 14), (13, 17), (13, 18), (14, 16), (17, 17), (15, 18), (19, 16), (13, 19), (13, 14), (13, 15), (16, 18), (13, 16), (18, 17), (14, 19), (12, 15), (12, 16), (17, 18), (16, 12), (15, 19), (19, 17), (11, 16), (11, 17), (18, 18)
10%human-1%(9, 3)%NORMAL
10%human-4%(9, 3)%NORMAL
10%human-3%(9, 3)%NORMAL
10%human-2%(9, 1)%NORMAL
FINISH
